{"E:\\Travail\\hockey-tournoi\\front\\src\\components\\layout\\TopBar.tsx": {"path":"E:\\Travail\\hockey-tournoi\\front\\src\\components\\layout\\TopBar.tsx","statementMap":{"0":{"start":{"line":13,"column":26},"end":{"line":13,"column":47}},"1":{"start":{"line":14,"column":42},"end":{"line":14,"column":63}},"2":{"start":{"line":15,"column":32},"end":{"line":15,"column":100}},"3":{"start":{"line":16,"column":40},"end":{"line":16,"column":110}},"4":{"start":{"line":17,"column":8},"end":{"line":17,"column":32}},"5":{"start":{"line":18,"column":27},"end":{"line":18,"column":71}},"6":{"start":{"line":19,"column":28},"end":{"line":19,"column":72}},"7":{"start":{"line":20,"column":25},"end":{"line":20,"column":63}},"8":{"start":{"line":21,"column":41},"end":{"line":21,"column":74}},"9":{"start":{"line":22,"column":16},"end":{"line":22,"column":36}},"10":{"start":{"line":23,"column":22},"end":{"line":31,"column":13}},"11":{"start":{"line":24,"column":16},"end":{"line":24,"column":88}},"12":{"start":{"line":25,"column":4},"end":{"line":29,"column":null}},"13":{"start":{"line":26,"column":6},"end":{"line":27,"column":null}},"14":{"start":{"line":27,"column":8},"end":{"line":27,"column":null}},"15":{"start":{"line":30,"column":4},"end":{"line":30,"column":null}},"16":{"start":{"line":33,"column":24},"end":{"line":40,"column":8}},"17":{"start":{"line":34,"column":17},"end":{"line":34,"column":53}},"18":{"start":{"line":35,"column":4},"end":{"line":35,"column":null}},"19":{"start":{"line":35,"column":15},"end":{"line":35,"column":null}},"20":{"start":{"line":36,"column":4},"end":{"line":39,"column":null}},"21":{"start":{"line":42,"column":28},"end":{"line":49,"column":8}},"22":{"start":{"line":43,"column":17},"end":{"line":43,"column":64}},"23":{"start":{"line":44,"column":4},"end":{"line":44,"column":null}},"24":{"start":{"line":44,"column":15},"end":{"line":44,"column":null}},"25":{"start":{"line":45,"column":4},"end":{"line":48,"column":null}},"26":{"start":{"line":51,"column":2},"end":{"line":59,"column":null}},"27":{"start":{"line":52,"column":4},"end":{"line":52,"column":null}},"28":{"start":{"line":52,"column":23},"end":{"line":52,"column":null}},"29":{"start":{"line":53,"column":10},"end":{"line":55,"column":null}},"30":{"start":{"line":54,"column":6},"end":{"line":54,"column":null}},"31":{"start":{"line":54,"column":87},"end":{"line":54,"column":null}},"32":{"start":{"line":55,"column":6},"end":{"line":55,"column":null}},"33":{"start":{"line":57,"column":4},"end":{"line":57,"column":null}},"34":{"start":{"line":58,"column":4},"end":{"line":58,"column":null}},"35":{"start":{"line":58,"column":17},"end":{"line":58,"column":70}},"36":{"start":{"line":61,"column":8},"end":{"line":69,"column":null}},"37":{"start":{"line":62,"column":4},"end":{"line":62,"column":null}},"38":{"start":{"line":63,"column":4},"end":{"line":65,"column":null}},"39":{"start":{"line":64,"column":6},"end":{"line":64,"column":null}},"40":{"start":{"line":65,"column":6},"end":{"line":65,"column":null}},"41":{"start":{"line":67,"column":17},"end":{"line":67,"column":48}},"42":{"start":{"line":67,"column":36},"end":{"line":67,"column":48}},"43":{"start":{"line":68,"column":4},"end":{"line":69,"column":null}},"44":{"start":{"line":69,"column":6},"end":{"line":69,"column":null}},"45":{"start":{"line":73,"column":2},"end":{"line":182,"column":null}},"46":{"start":{"line":82,"column":14},"end":{"line":82,"column":null}},"47":{"start":{"line":82,"column":29},"end":{"line":82,"column":32}},"48":{"start":{"line":83,"column":14},"end":{"line":83,"column":null}},"49":{"start":{"line":107,"column":14},"end":{"line":107,"column":null}},"50":{"start":{"line":107,"column":29},"end":{"line":107,"column":32}},"51":{"start":{"line":108,"column":14},"end":{"line":108,"column":null}},"52":{"start":{"line":119,"column":68},"end":{"line":119,"column":null}},"53":{"start":{"line":124,"column":18},"end":{"line":124,"column":null}},"54":{"start":{"line":125,"column":18},"end":{"line":125,"column":null}},"55":{"start":{"line":128,"column":18},"end":{"line":128,"column":null}},"56":{"start":{"line":129,"column":18},"end":{"line":129,"column":null}},"57":{"start":{"line":151,"column":18},"end":{"line":151,"column":null}},"58":{"start":{"line":151,"column":41},"end":{"line":151,"column":44}},"59":{"start":{"line":152,"column":18},"end":{"line":152,"column":null}},"60":{"start":{"line":168,"column":12},"end":{"line":168,"column":null}},"61":{"start":{"line":169,"column":12},"end":{"line":169,"column":null}},"62":{"start":{"line":187,"column":36},"end":{"line":187,"column":63}},"63":{"start":{"line":189,"column":2},"end":{"line":199,"column":null}},"64":{"start":{"line":190,"column":10},"end":{"line":194,"column":null}},"65":{"start":{"line":191,"column":23},"end":{"line":191,"column":86}},"66":{"start":{"line":191,"column":53},"end":{"line":191,"column":82}},"67":{"start":{"line":192,"column":24},"end":{"line":192,"column":null}},"68":{"start":{"line":193,"column":22},"end":{"line":193,"column":94}},"69":{"start":{"line":194,"column":6},"end":{"line":194,"column":null}},"70":{"start":{"line":196,"column":4},"end":{"line":196,"column":null}},"71":{"start":{"line":197,"column":4},"end":{"line":197,"column":null}},"72":{"start":{"line":198,"column":4},"end":{"line":198,"column":null}},"73":{"start":{"line":198,"column":17},"end":{"line":198,"column":62}},"74":{"start":{"line":201,"column":2},"end":{"line":232,"column":null}},"75":{"start":{"line":209,"column":12},"end":{"line":228,"column":null}},"76":{"start":{"line":212,"column":29},"end":{"line":212,"column":47}},"77":{"start":{"line":245,"column":2},"end":{"line":281,"column":null}},"78":{"start":{"line":252,"column":27},"end":{"line":252,"column":41}},"79":{"start":{"line":261,"column":12},"end":{"line":277,"column":null}},"80":{"start":{"line":264,"column":29},"end":{"line":264,"column":46}}},"fnMap":{"0":{"name":"TopBar","decl":{"start":{"line":12,"column":24},"end":{"line":12,"column":31}},"loc":{"start":{"line":12,"column":52},"end":{"line":182,"column":null}},"line":12},"1":{"name":"(anonymous_1)","decl":{"start":{"line":23,"column":28},"end":{"line":23,"column":42}},"loc":{"start":{"line":23,"column":42},"end":{"line":31,"column":6}},"line":23},"2":{"name":"(anonymous_2)","decl":{"start":{"line":25,"column":18},"end":{"line":25,"column":27}},"loc":{"start":{"line":25,"column":33},"end":{"line":29,"column":null}},"line":25},"3":{"name":"(anonymous_3)","decl":{"start":{"line":33,"column":30},"end":{"line":33,"column":43}},"loc":{"start":{"line":33,"column":94},"end":{"line":40,"column":7}},"line":33},"4":{"name":"(anonymous_4)","decl":{"start":{"line":42,"column":34},"end":{"line":42,"column":52}},"loc":{"start":{"line":42,"column":52},"end":{"line":49,"column":7}},"line":42},"5":{"name":"(anonymous_5)","decl":{"start":{"line":51,"column":8},"end":{"line":51,"column":24}},"loc":{"start":{"line":51,"column":24},"end":{"line":59,"column":6}},"line":51},"6":{"name":"(anonymous_6)","decl":{"start":{"line":53,"column":10},"end":{"line":53,"column":28}},"loc":{"start":{"line":53,"column":46},"end":{"line":55,"column":null}},"line":53},"7":{"name":"(anonymous_7)","decl":{"start":{"line":58,"column":4},"end":{"line":58,"column":17}},"loc":{"start":{"line":58,"column":17},"end":{"line":58,"column":70}},"line":58},"8":{"name":"(anonymous_8)","decl":{"start":{"line":61,"column":8},"end":{"line":61,"column":24}},"loc":{"start":{"line":61,"column":46},"end":{"line":69,"column":null}},"line":61},"9":{"name":"(anonymous_9)","decl":{"start":{"line":67,"column":24},"end":{"line":67,"column":30}},"loc":{"start":{"line":67,"column":36},"end":{"line":67,"column":48}},"line":67},"10":{"name":"(anonymous_10)","decl":{"start":{"line":81,"column":12},"end":{"line":81,"column":27}},"loc":{"start":{"line":81,"column":27},"end":{"line":83,"column":null}},"line":81},"11":{"name":"(anonymous_11)","decl":{"start":{"line":82,"column":14},"end":{"line":82,"column":23}},"loc":{"start":{"line":82,"column":29},"end":{"line":82,"column":32}},"line":82},"12":{"name":"(anonymous_12)","decl":{"start":{"line":106,"column":12},"end":{"line":106,"column":27}},"loc":{"start":{"line":106,"column":27},"end":{"line":108,"column":null}},"line":106},"13":{"name":"(anonymous_13)","decl":{"start":{"line":107,"column":14},"end":{"line":107,"column":23}},"loc":{"start":{"line":107,"column":29},"end":{"line":107,"column":32}},"line":107},"14":{"name":"(anonymous_14)","decl":{"start":{"line":119,"column":51},"end":{"line":119,"column":57}},"loc":{"start":{"line":119,"column":66},"end":{"line":119,"column":null}},"line":119},"15":{"name":"(anonymous_15)","decl":{"start":{"line":123,"column":16},"end":{"line":123,"column":31}},"loc":{"start":{"line":123,"column":31},"end":{"line":125,"column":null}},"line":123},"16":{"name":"(anonymous_16)","decl":{"start":{"line":127,"column":16},"end":{"line":127,"column":32}},"loc":{"start":{"line":127,"column":38},"end":{"line":129,"column":null}},"line":127},"17":{"name":"(anonymous_17)","decl":{"start":{"line":150,"column":16},"end":{"line":150,"column":31}},"loc":{"start":{"line":150,"column":31},"end":{"line":152,"column":null}},"line":150},"18":{"name":"(anonymous_18)","decl":{"start":{"line":151,"column":18},"end":{"line":151,"column":35}},"loc":{"start":{"line":151,"column":41},"end":{"line":151,"column":44}},"line":151},"19":{"name":"(anonymous_19)","decl":{"start":{"line":167,"column":10},"end":{"line":167,"column":21}},"loc":{"start":{"line":167,"column":30},"end":{"line":169,"column":null}},"line":167},"20":{"name":"MobileMenu","decl":{"start":{"line":186,"column":9},"end":{"line":186,"column":20}},"loc":{"start":{"line":186,"column":110},"end":{"line":232,"column":null}},"line":186},"21":{"name":"(anonymous_21)","decl":{"start":{"line":189,"column":8},"end":{"line":189,"column":24}},"loc":{"start":{"line":189,"column":24},"end":{"line":199,"column":7}},"line":189},"22":{"name":"(anonymous_22)","decl":{"start":{"line":190,"column":10},"end":{"line":190,"column":26}},"loc":{"start":{"line":190,"column":26},"end":{"line":194,"column":null}},"line":190},"23":{"name":"(anonymous_23)","decl":{"start":{"line":191,"column":34},"end":{"line":191,"column":42}},"loc":{"start":{"line":191,"column":53},"end":{"line":191,"column":82}},"line":191},"24":{"name":"(anonymous_24)","decl":{"start":{"line":198,"column":4},"end":{"line":198,"column":17}},"loc":{"start":{"line":198,"column":17},"end":{"line":198,"column":62}},"line":198},"25":{"name":"(anonymous_25)","decl":{"start":{"line":208,"column":22},"end":{"line":208,"column":27}},"loc":{"start":{"line":209,"column":12},"end":{"line":228,"column":null}},"line":209},"26":{"name":"(anonymous_26)","decl":{"start":{"line":212,"column":14},"end":{"line":212,"column":29}},"loc":{"start":{"line":212,"column":29},"end":{"line":212,"column":47}},"line":212},"27":{"name":"TeamSelectorDropdown","decl":{"start":{"line":244,"column":9},"end":{"line":244,"column":30}},"loc":{"start":{"line":244,"column":94},"end":{"line":281,"column":null}},"line":244},"28":{"name":"(anonymous_28)","decl":{"start":{"line":252,"column":12},"end":{"line":252,"column":27}},"loc":{"start":{"line":252,"column":27},"end":{"line":252,"column":41}},"line":252},"29":{"name":"(anonymous_29)","decl":{"start":{"line":260,"column":17},"end":{"line":260,"column":22}},"loc":{"start":{"line":261,"column":12},"end":{"line":277,"column":null}},"line":261},"30":{"name":"(anonymous_30)","decl":{"start":{"line":264,"column":14},"end":{"line":264,"column":29}},"loc":{"start":{"line":264,"column":29},"end":{"line":264,"column":46}},"line":264}},"branchMap":{"0":{"loc":{"start":{"line":25,"column":5},"end":{"line":25,"column":16}},"type":"binary-expr","locations":[{"start":{"line":25,"column":5},"end":{"line":25,"column":14}},{"start":{"line":25,"column":14},"end":{"line":25,"column":16}}],"line":25},"1":{"loc":{"start":{"line":26,"column":6},"end":{"line":27,"column":null}},"type":"if","locations":[{"start":{"line":26,"column":6},"end":{"line":27,"column":null}},{"start":{},"end":{}}],"line":26},"2":{"loc":{"start":{"line":35,"column":4},"end":{"line":35,"column":null}},"type":"if","locations":[{"start":{"line":35,"column":4},"end":{"line":35,"column":null}},{"start":{},"end":{}}],"line":35},"3":{"loc":{"start":{"line":44,"column":4},"end":{"line":44,"column":null}},"type":"if","locations":[{"start":{"line":44,"column":4},"end":{"line":44,"column":null}},{"start":{},"end":{}}],"line":44},"4":{"loc":{"start":{"line":52,"column":4},"end":{"line":52,"column":null}},"type":"if","locations":[{"start":{"line":52,"column":4},"end":{"line":52,"column":null}},{"start":{},"end":{}}],"line":52},"5":{"loc":{"start":{"line":54,"column":6},"end":{"line":54,"column":null}},"type":"if","locations":[{"start":{"line":54,"column":6},"end":{"line":54,"column":null}},{"start":{},"end":{}}],"line":54},"6":{"loc":{"start":{"line":54,"column":10},"end":{"line":54,"column":85}},"type":"binary-expr","locations":[{"start":{"line":54,"column":10},"end":{"line":54,"column":36}},{"start":{"line":54,"column":36},"end":{"line":54,"column":85}}],"line":54},"7":{"loc":{"start":{"line":63,"column":4},"end":{"line":65,"column":null}},"type":"if","locations":[{"start":{"line":63,"column":4},"end":{"line":65,"column":null}},{"start":{},"end":{}}],"line":63},"8":{"loc":{"start":{"line":68,"column":4},"end":{"line":69,"column":null}},"type":"if","locations":[{"start":{"line":68,"column":4},"end":{"line":69,"column":null}},{"start":{},"end":{}}],"line":68},"9":{"loc":{"start":{"line":69,"column":63},"end":{"line":69,"column":90}},"type":"binary-expr","locations":[{"start":{"line":69,"column":63},"end":{"line":69,"column":79}},{"start":{"line":69,"column":79},"end":{"line":69,"column":90}}],"line":69},"10":{"loc":{"start":{"line":98,"column":11},"end":{"line":98,"column":null}},"type":"binary-expr","locations":[{"start":{"line":98,"column":11},"end":{"line":98,"column":23}},{"start":{"line":98,"column":23},"end":{"line":98,"column":null}}],"line":98},"11":{"loc":{"start":{"line":120,"column":13},"end":{"line":156,"column":null}},"type":"cond-expr","locations":[{"start":{"line":121,"column":14},"end":{"line":146,"column":null}},{"start":{"line":148,"column":14},"end":{"line":156,"column":null}}],"line":120},"12":{"loc":{"start":{"line":134,"column":17},"end":{"line":143,"column":null}},"type":"cond-expr","locations":[{"start":{"line":135,"column":18},"end":{"line":140,"column":null}},{"start":{"line":142,"column":18},"end":{"line":143,"column":null}}],"line":134},"13":{"loc":{"start":{"line":138,"column":61},"end":{"line":138,"column":null}},"type":"cond-expr","locations":[{"start":{"line":138,"column":82},"end":{"line":138,"column":107}},{"start":{"line":138,"column":107},"end":{"line":138,"column":null}}],"line":138},"14":{"loc":{"start":{"line":163,"column":7},"end":{"line":172,"column":null}},"type":"cond-expr","locations":[{"start":{"line":164,"column":8},"end":{"line":171,"column":null}},{"start":{"line":172,"column":10},"end":{"line":172,"column":null}}],"line":163},"15":{"loc":{"start":{"line":173,"column":7},"end":{"line":181,"column":null}},"type":"cond-expr","locations":[{"start":{"line":174,"column":8},"end":{"line":180,"column":null}},{"start":{"line":181,"column":10},"end":{"line":181,"column":null}}],"line":173},"16":{"loc":{"start":{"line":179,"column":22},"end":{"line":179,"column":null}},"type":"binary-expr","locations":[{"start":{"line":179,"column":22},"end":{"line":179,"column":42}},{"start":{"line":179,"column":42},"end":{"line":179,"column":null}}],"line":179},"17":{"loc":{"start":{"line":216,"column":17},"end":{"line":224,"column":null}},"type":"cond-expr","locations":[{"start":{"line":217,"column":18},"end":{"line":222,"column":null}},{"start":{"line":224,"column":18},"end":{"line":224,"column":null}}],"line":216},"18":{"loc":{"start":{"line":254,"column":14},"end":{"line":254,"column":null}},"type":"cond-expr","locations":[{"start":{"line":254,"column":36},"end":{"line":254,"column":62}},{"start":{"line":254,"column":62},"end":{"line":254,"column":null}}],"line":254},"19":{"loc":{"start":{"line":266,"column":16},"end":{"line":266,"column":null}},"type":"cond-expr","locations":[{"start":{"line":266,"column":41},"end":{"line":266,"column":67}},{"start":{"line":266,"column":67},"end":{"line":266,"column":null}}],"line":266},"20":{"loc":{"start":{"line":270,"column":15},"end":{"line":274,"column":null}},"type":"cond-expr","locations":[{"start":{"line":271,"column":16},"end":{"line":271,"column":null}},{"start":{"line":273,"column":16},"end":{"line":274,"column":null}}],"line":270},"21":{"loc":{"start":{"line":274,"column":19},"end":{"line":274,"column":null}},"type":"cond-expr","locations":[{"start":{"line":274,"column":52},"end":{"line":274,"column":58}},{"start":{"line":274,"column":58},"end":{"line":274,"column":null}}],"line":274}},"s":{"0":8,"1":8,"2":8,"3":8,"4":8,"5":8,"6":8,"7":8,"8":8,"9":8,"10":8,"11":7,"12":7,"13":14,"14":14,"15":7,"16":8,"17":0,"18":0,"19":0,"20":0,"21":8,"22":1,"23":1,"24":0,"25":1,"26":8,"27":8,"28":7,"29":1,"30":0,"31":0,"32":0,"33":1,"34":1,"35":1,"36":8,"37":0,"38":0,"39":0,"40":0,"41":0,"42":0,"43":0,"44":0,"45":8,"46":0,"47":0,"48":0,"49":0,"50":0,"51":0,"52":16,"53":1,"54":1,"55":1,"56":1,"57":1,"58":1,"59":1,"60":0,"61":0,"62":0,"63":0,"64":0,"65":0,"66":0,"67":0,"68":0,"69":0,"70":0,"71":0,"72":0,"73":0,"74":0,"75":0,"76":0,"77":1,"78":0,"79":2,"80":0},"f":{"0":8,"1":7,"2":14,"3":0,"4":1,"5":8,"6":0,"7":1,"8":0,"9":0,"10":0,"11":0,"12":0,"13":0,"14":16,"15":1,"16":1,"17":1,"18":1,"19":0,"20":0,"21":0,"22":0,"23":0,"24":0,"25":0,"26":0,"27":1,"28":0,"29":2,"30":0},"b":{"0":[7,0],"1":[14,0],"2":[0,0],"3":[0,1],"4":[7,1],"5":[0,0],"6":[0,0],"7":[0,0],"8":[0,0],"9":[0,0],"10":[8,8],"11":[5,3],"12":[4,1],"13":[1,3],"14":[0,8],"15":[1,7],"16":[1,1],"17":[0,0],"18":[1,0],"19":[0,2],"20":[2,0],"21":[0,0]},"meta":{"lastBranch":22,"lastFunction":31,"lastStatement":81,"seen":{"f:12:24:12:31":0,"s:13:26:13:47":0,"s:14:42:14:63":1,"s:15:32:15:100":2,"s:16:40:16:110":3,"s:17:8:17:32":4,"s:18:27:18:71":5,"s:19:28:19:72":6,"s:20:25:20:63":7,"s:21:41:21:74":8,"s:22:16:22:36":9,"s:23:22:31:13":10,"f:23:28:23:42":1,"s:24:16:24:88":11,"s:25:4:29:Infinity":12,"b:25:5:25:14:25:14:25:16":0,"f:25:18:25:27":2,"b:26:6:27:Infinity:undefined:undefined:undefined:undefined":1,"s:26:6:27:Infinity":13,"s:27:8:27:Infinity":14,"s:30:4:30:Infinity":15,"s:33:24:40:8":16,"f:33:30:33:43":3,"s:34:17:34:53":17,"b:35:4:35:Infinity:undefined:undefined:undefined:undefined":2,"s:35:4:35:Infinity":18,"s:35:15:35:Infinity":19,"s:36:4:39:Infinity":20,"s:42:28:49:8":21,"f:42:34:42:52":4,"s:43:17:43:64":22,"b:44:4:44:Infinity:undefined:undefined:undefined:undefined":3,"s:44:4:44:Infinity":23,"s:44:15:44:Infinity":24,"s:45:4:48:Infinity":25,"s:51:2:59:Infinity":26,"f:51:8:51:24":5,"b:52:4:52:Infinity:undefined:undefined:undefined:undefined":4,"s:52:4:52:Infinity":27,"s:52:23:52:Infinity":28,"s:53:10:55:Infinity":29,"f:53:10:53:28":6,"b:54:6:54:Infinity:undefined:undefined:undefined:undefined":5,"s:54:6:54:Infinity":30,"b:54:10:54:36:54:36:54:85":6,"s:54:87:54:Infinity":31,"s:55:6:55:Infinity":32,"s:57:4:57:Infinity":33,"s:58:4:58:Infinity":34,"f:58:4:58:17":7,"s:58:17:58:70":35,"s:61:8:69:Infinity":36,"f:61:8:61:24":8,"s:62:4:62:Infinity":37,"b:63:4:65:Infinity:undefined:undefined:undefined:undefined":7,"s:63:4:65:Infinity":38,"s:64:6:64:Infinity":39,"s:65:6:65:Infinity":40,"s:67:17:67:48":41,"f:67:24:67:30":9,"s:67:36:67:48":42,"b:68:4:69:Infinity:undefined:undefined:undefined:undefined":8,"s:68:4:69:Infinity":43,"s:69:6:69:Infinity":44,"b:69:63:69:79:69:79:69:90":9,"s:73:2:182:Infinity":45,"f:81:12:81:27":10,"s:82:14:82:Infinity":46,"f:82:14:82:23":11,"s:82:29:82:32":47,"s:83:14:83:Infinity":48,"b:98:11:98:23:98:23:98:Infinity":10,"f:106:12:106:27":12,"s:107:14:107:Infinity":49,"f:107:14:107:23":13,"s:107:29:107:32":50,"s:108:14:108:Infinity":51,"f:119:51:119:57":14,"s:119:68:119:Infinity":52,"b:121:14:146:Infinity:148:14:156:Infinity":11,"f:123:16:123:31":15,"s:124:18:124:Infinity":53,"s:125:18:125:Infinity":54,"f:127:16:127:32":16,"s:128:18:128:Infinity":55,"s:129:18:129:Infinity":56,"b:135:18:140:Infinity:142:18:143:Infinity":12,"b:138:82:138:107:138:107:138:Infinity":13,"f:150:16:150:31":17,"s:151:18:151:Infinity":57,"f:151:18:151:35":18,"s:151:41:151:44":58,"s:152:18:152:Infinity":59,"b:164:8:171:Infinity:172:10:172:Infinity":14,"f:167:10:167:21":19,"s:168:12:168:Infinity":60,"s:169:12:169:Infinity":61,"b:174:8:180:Infinity:181:10:181:Infinity":15,"b:179:22:179:42:179:42:179:Infinity":16,"f:186:9:186:20":20,"s:187:36:187:63":62,"s:189:2:199:Infinity":63,"f:189:8:189:24":21,"s:190:10:194:Infinity":64,"f:190:10:190:26":22,"s:191:23:191:86":65,"f:191:34:191:42":23,"s:191:53:191:82":66,"s:192:24:192:Infinity":67,"s:193:22:193:94":68,"s:194:6:194:Infinity":69,"s:196:4:196:Infinity":70,"s:197:4:197:Infinity":71,"s:198:4:198:Infinity":72,"f:198:4:198:17":24,"s:198:17:198:62":73,"s:201:2:232:Infinity":74,"f:208:22:208:27":25,"s:209:12:228:Infinity":75,"f:212:14:212:29":26,"s:212:29:212:47":76,"b:217:18:222:Infinity:224:18:224:Infinity":17,"f:244:9:244:30":27,"s:245:2:281:Infinity":77,"f:252:12:252:27":28,"s:252:27:252:41":78,"b:254:36:254:62:254:62:254:Infinity":18,"f:260:17:260:22":29,"s:261:12:277:Infinity":79,"f:264:14:264:29":30,"s:264:29:264:46":80,"b:266:41:266:67:266:67:266:Infinity":19,"b:271:16:271:Infinity:273:16:274:Infinity":20,"b:274:52:274:58:274:58:274:Infinity":21}}}
}
